<?xml version="1.0" encoding="UTF-8"?>
<testsuite name="Gradle Test Executor 1" tests="1" skipped="0"
	failures="1" errors="0" timestamp="2017-11-08T08:33:22" hostname="SummerW-PC"
	time="0.148">
	<properties />
	<testcase name="execution failure" classname="Gradle Test Executor 1"
		time="0.148">
		<failure
			message="org.gradle.api.internal.tasks.testing.TestSuiteExecutionException: Could not complete execution for Gradle Test Executor 1."
			type="org.gradle.api.internal.tasks.testing.TestSuiteExecutionException">org.gradle.api.internal.tasks.testing.TestSuiteExecutionException:
			Could not complete execution for Gradle Test Executor 1.
			at
			org.gradle.api.internal.tasks.testing.SuiteTestClassProcessor.stop(SuiteTestClassProcessor.java:63)
			at sun.reflect.NativeMethodAccessorImpl.invoke0(Native Method)
			at
			sun.reflect.NativeMethodAccessorImpl.invoke(NativeMethodAccessorImpl.java:62)
			at
			sun.reflect.DelegatingMethodAccessorImpl.invoke(DelegatingMethodAccessorImpl.java:43)
			at java.lang.reflect.Method.invoke(Method.java:498)
			at
			org.gradle.internal.dispatch.ReflectionDispatch.dispatch(ReflectionDispatch.java:35)
			at
			org.gradle.internal.dispatch.ReflectionDispatch.dispatch(ReflectionDispatch.java:24)
			at
			org.gradle.internal.dispatch.ContextClassLoaderDispatch.dispatch(ContextClassLoaderDispatch.java:32)
			at
			org.gradle.internal.dispatch.ProxyDispatchAdapter$DispatchingInvocationHandler.invoke(ProxyDispatchAdapter.java:93)
			at com.sun.proxy.$Proxy2.stop(Unknown Source)
			at
			org.gradle.api.internal.tasks.testing.worker.TestWorker.stop(TestWorker.java:120)
			at sun.reflect.NativeMethodAccessorImpl.invoke0(Native Method)
			at
			sun.reflect.NativeMethodAccessorImpl.invoke(NativeMethodAccessorImpl.java:62)
			at
			sun.reflect.DelegatingMethodAccessorImpl.invoke(DelegatingMethodAccessorImpl.java:43)
			at java.lang.reflect.Method.invoke(Method.java:498)
			at
			org.gradle.internal.dispatch.ReflectionDispatch.dispatch(ReflectionDispatch.java:35)
			at
			org.gradle.internal.dispatch.ReflectionDispatch.dispatch(ReflectionDispatch.java:24)
			at
			org.gradle.internal.remote.internal.hub.MessageHub$Handler.run(MessageHub.java:377)
			at
			org.gradle.internal.concurrent.ExecutorPolicy$CatchAndRecordFailures.onExecute(ExecutorPolicy.java:54)
			at
			org.gradle.internal.concurrent.StoppableExecutorImpl$1.run(StoppableExecutorImpl.java:40)
			at
			java.util.concurrent.ThreadPoolExecutor.runWorker(ThreadPoolExecutor.java:1142)
			at
			java.util.concurrent.ThreadPoolExecutor$Worker.run(ThreadPoolExecutor.java:617)
			at java.lang.Thread.run(Thread.java:745)
			Caused by: org.testng.TestNGException: Cannot find class in classpath:
			com.gridsmart.cloud.CloudTest
			at org.testng.xml.XmlClass.loadClass(XmlClass.java:81)
			at org.testng.xml.XmlClass.init(XmlClass.java:73)
			at org.testng.xml.XmlClass.&lt;init&gt;(XmlClass.java:59)
			at
			org.testng.xml.TestNGContentHandler.startElement(TestNGContentHandler.java:546)
			at
			com.sun.org.apache.xerces.internal.parsers.AbstractSAXParser.startElement(AbstractSAXParser.java:509)
			at
			com.sun.org.apache.xerces.internal.parsers.AbstractXMLDocumentParser.emptyElement(AbstractXMLDocumentParser.java:182)
			at
			com.sun.org.apache.xerces.internal.impl.dtd.XMLDTDValidator.emptyElement(XMLDTDValidator.java:766)
			at
			com.sun.org.apache.xerces.internal.impl.XMLDocumentFragmentScannerImpl.scanStartElement(XMLDocumentFragmentScannerImpl.java:1344)
			at
			com.sun.org.apache.xerces.internal.impl.XMLDocumentFragmentScannerImpl$FragmentContentDriver.next(XMLDocumentFragmentScannerImpl.java:2787)
			at
			com.sun.org.apache.xerces.internal.impl.XMLDocumentScannerImpl.next(XMLDocumentScannerImpl.java:606)
			at
			com.sun.org.apache.xerces.internal.impl.XMLDocumentFragmentScannerImpl.scanDocument(XMLDocumentFragmentScannerImpl.java:510)
			at
			com.sun.org.apache.xerces.internal.parsers.XML11Configuration.parse(XML11Configuration.java:848)
			at
			com.sun.org.apache.xerces.internal.parsers.XML11Configuration.parse(XML11Configuration.java:777)
			at
			com.sun.org.apache.xerces.internal.parsers.XMLParser.parse(XMLParser.java:141)
			at
			com.sun.org.apache.xerces.internal.parsers.AbstractSAXParser.parse(AbstractSAXParser.java:1213)
			at
			com.sun.org.apache.xerces.internal.jaxp.SAXParserImpl$JAXPSAXParser.parse(SAXParserImpl.java:643)
			at
			com.sun.org.apache.xerces.internal.jaxp.SAXParserImpl.parse(SAXParserImpl.java:327)
			at javax.xml.parsers.SAXParser.parse(SAXParser.java:195)
			at org.testng.xml.XMLParser.parse(XMLParser.java:38)
			at org.testng.xml.SuiteXmlParser.parse(SuiteXmlParser.java:16)
			at org.testng.xml.SuiteXmlParser.parse(SuiteXmlParser.java:9)
			at org.testng.xml.Parser.parse(Parser.java:172)
			at org.testng.TestNG.initializeSuitesAndJarFile(TestNG.java:300)
			at org.testng.TestNG.run(TestNG.java:1021)
			at
			org.gradle.api.internal.tasks.testing.testng.TestNGTestClassProcessor.runTests(TestNGTestClassProcessor.java:133)
			at
			org.gradle.api.internal.tasks.testing.testng.TestNGTestClassProcessor.stop(TestNGTestClassProcessor.java:83)
			at
			org.gradle.api.internal.tasks.testing.SuiteTestClassProcessor.stop(SuiteTestClassProcessor.java:61)
			... 22 more
		</failure>
	</testcase>
	<system-out><![CDATA[]]>
	</system-out>
	<system-err><![CDATA[]]>
	</system-err>
</testsuite>
